<?xml version="1.0" encoding="UTF-8"?>
<testng-results ignored="0" total="1" passed="1" failed="0" skipped="0">
  <reporter-output>
  </reporter-output>
  <suite started-at="2022-04-25T19:22:45 SGT" name="Suite" finished-at="2022-04-25T19:22:49 SGT" duration-ms="3718">
    <groups>
    </groups>
    <test started-at="2022-04-25T19:22:45 SGT" name="Test" finished-at="2022-04-25T19:22:49 SGT" duration-ms="3718">
      <class name="APIAutoamtion.APITest.FirstAPI">
        <test-method signature="TestAPI()[pri:0, instance:APIAutoamtion.APITest.FirstAPI@20d525]" started-at="2022-04-25T19:22:45 SGT" name="TestAPI" finished-at="2022-04-25T19:22:48 SGT" duration-ms="3674" status="PASS">
          <reporter-output>
          </reporter-output>
        </test-method> <!-- TestAPI -->
      </class> <!-- APIAutoamtion.APITest.FirstAPI -->
    </test> <!-- Test -->
  </suite> <!-- Suite -->
</testng-results>
